[1121/133402.751:ERROR:process_memory_win.cc(73)] ReadMemory at 0x7ff725c80000 of 64 bytes failed: ReadProcessMemory 또는 WriteProcessMemory의 일부 작업만을 마쳤습니다. (0x12B)
[1121/133402.753:WARNING:pe_image_reader.cc(340)] could not read dos header from C:\Program Files (x86)\Google\Chrome\Application\chrome.exe
[1121/133402.753:ERROR:process_memory_win.cc(73)] ReadMemory at 0x7ffbdcc10000 of 64 bytes failed: ReadProcessMemory 또는 WriteProcessMemory의 일부 작업만을 마쳤습니다. (0x12B)
[1121/133402.753:WARNING:pe_image_reader.cc(340)] could not read dos header from C:\Windows\SYSTEM32\ntdll.dll
[1121/133402.753:ERROR:process_memory_win.cc(73)] ReadMemory at 0x7ffbdc100000 of 64 bytes failed: ReadProcessMemory 또는 WriteProcessMemory의 일부 작업만을 마쳤습니다. (0x12B)
[1121/133402.755:WARNING:pe_image_reader.cc(340)] could not read dos header from C:\Windows\System32\KERNEL32.DLL
[1121/133402.755:ERROR:process_memory_win.cc(73)] ReadMemory at 0x7ffbd9b40000 of 64 bytes failed: ReadProcessMemory 또는 WriteProcessMemory의 일부 작업만을 마쳤습니다. (0x12B)
[1121/133402.755:WARNING:pe_image_reader.cc(340)] could not read dos header from C:\Windows\System32\KERNELBASE.dll
[1121/133402.755:ERROR:process_memory_win.cc(73)] ReadMemory at 0x7ffbbfde0000 of 64 bytes failed: ReadProcessMemory 또는 WriteProcessMemory의 일부 작업만을 마쳤습니다. (0x12B)
[1121/133402.755:WARNING:pe_image_reader.cc(340)] could not read dos header from C:\Program Files (x86)\Google\Chrome\Application\78.0.3904.108\chrome_elf.dll
[1121/133402.755:ERROR:process_memory_win.cc(73)] ReadMemory at 0x7ffbcf940000 of 64 bytes failed: ReadProcessMemory 또는 WriteProcessMemory의 일부 작업만을 마쳤습니다. (0x12B)
[1121/133402.756:WARNING:pe_image_reader.cc(340)] could not read dos header from C:\Windows\SYSTEM32\VERSION.dll
[1121/133402.756:ERROR:process_memory_win.cc(73)] ReadMemory at 0x7ffbda4c0000 of 64 bytes failed: ReadProcessMemory 또는 WriteProcessMemory의 일부 작업만을 마쳤습니다. (0x12B)
[1121/133402.756:WARNING:pe_image_reader.cc(340)] could not read dos header from C:\Windows\System32\msvcrt.dll
[1121/133402.756:ERROR:process_memory_win.cc(73)] ReadMemory at 0x7ffbd9830000 of 64 bytes failed: ReadProcessMemory 또는 WriteProcessMemory의 일부 작업만을 마쳤습니다. (0x12B)
[1121/133402.756:WARNING:pe_image_reader.cc(340)] could not read dos header from C:\Windows\System32\bcryptPrimitives.dll
[1121/133402.756:ERROR:process_memory_win.cc(73)] ReadMemory at 0x7ffbdbf20000 of 64 bytes failed: ReadProcessMemory 또는 WriteProcessMemory의 일부 작업만을 마쳤습니다. (0x12B)
[1121/133402.756:WARNING:pe_image_reader.cc(340)] could not read dos header from C:\Windows\System32\ADVAPI32.dll
[1121/133402.756:ERROR:process_memory_win.cc(73)] ReadMemory at 0x7ffbdbe80000 of 64 bytes failed: ReadProcessMemory 또는 WriteProcessMemory의 일부 작업만을 마쳤습니다. (0x12B)
[1121/133402.756:WARNING:pe_image_reader.cc(340)] could not read dos header from C:\Windows\System32\sechost.dll
[1121/133402.756:ERROR:process_memory_win.cc(73)] ReadMemory at 0x7ffbdbfd0000 of 64 bytes failed: ReadProcessMemory 또는 WriteProcessMemory의 일부 작업만을 마쳤습니다. (0x12B)
[1121/133402.756:WARNING:pe_image_reader.cc(340)] could not read dos header from C:\Windows\System32\RPCRT4.dll
[1121/133402.756:ERROR:process_memory_win.cc(73)] ReadMemory at 0x7ffb8ea80000 of 64 bytes failed: ReadProcessMemory 또는 WriteProcessMemory의 일부 작업만을 마쳤습니다. (0x12B)
[1121/133402.756:WARNING:pe_image_reader.cc(340)] could not read dos header from C:\Program Files (x86)\Google\Chrome\Application\78.0.3904.108\chrome_child.dll
[1121/133402.756:ERROR:process_memory_win.cc(73)] ReadMemory at 0x7ffbda3f0000 of 64 bytes failed: ReadProcessMemory 또는 WriteProcessMemory의 일부 작업만을 마쳤습니다. (0x12B)
[1121/133402.757:WARNING:pe_image_reader.cc(340)] could not read dos header from C:\Windows\System32\OLEAUT32.dll
[1121/133402.757:ERROR:process_memory_win.cc(73)] ReadMemory at 0x7ffbd98d0000 of 64 bytes failed: ReadProcessMemory 또는 WriteProcessMemory의 일부 작업만을 마쳤습니다. (0x12B)
[1121/133402.757:WARNING:pe_image_reader.cc(340)] could not read dos header from C:\Windows\System32\msvcp_win.dll
[1121/133402.757:ERROR:process_memory_win.cc(73)] ReadMemory at 0x7ffbd9730000 of 64 bytes failed: ReadProcessMemory 또는 WriteProcessMemory의 일부 작업만을 마쳤습니다. (0x12B)
[1121/133402.757:WARNING:pe_image_reader.cc(340)] could not read dos header from C:\Windows\System32\ucrtbase.dll
[1121/133402.757:ERROR:process_memory_win.cc(73)] ReadMemory at 0x7ffbdc760000 of 64 bytes failed: ReadProcessMemory 또는 WriteProcessMemory의 일부 작업만을 마쳤습니다. (0x12B)
[1121/133402.757:WARNING:pe_image_reader.cc(340)] could not read dos header from C:\Windows\System32\combase.dll
[1121/133402.757:ERROR:process_memory_win.cc(73)] ReadMemory at 0x22c10b60000 of 64 bytes failed: ReadProcessMemory 또는 WriteProcessMemory의 일부 작업만을 마쳤습니다. (0x12B)
[1121/133402.757:WARNING:pe_image_reader.cc(340)] could not read dos header from C:\Windows\System32\WS2_32.dll
[1121/133402.757:ERROR:process_memory_win.cc(73)] ReadMemory at 0x7ffbd96d0000 of 64 bytes failed: ReadProcessMemory 또는 WriteProcessMemory의 일부 작업만을 마쳤습니다. (0x12B)
[1121/133402.757:WARNING:pe_image_reader.cc(340)] could not read dos header from C:\Windows\System32\WINTRUST.dll
[1121/133402.757:ERROR:process_memory_win.cc(73)] ReadMemory at 0x7ffbd8cb0000 of 64 bytes failed: ReadProcessMemory 또는 WriteProcessMemory의 일부 작업만을 마쳤습니다. (0x12B)
[1121/133402.757:WARNING:pe_image_reader.cc(340)] could not read dos header from C:\Windows\System32\MSASN1.dll
[1121/133402.757:ERROR:process_memory_win.cc(73)] ReadMemory at 0x7ffbd9440000 of 64 bytes failed: ReadProcessMemory 또는 WriteProcessMemory의 일부 작업만을 마쳤습니다. (0x12B)
[1121/133402.758:WARNING:pe_image_reader.cc(340)] could not read dos header from C:\Windows\System32\CRYPT32.dll
[1121/133402.758:ERROR:process_memory_win.cc(73)] ReadMemory at 0x7ffbd8130000 of 64 bytes failed: ReadProcessMemory 또는 WriteProcessMemory의 일부 작업만을 마쳤습니다. (0x12B)
[1121/133402.758:WARNING:pe_image_reader.cc(340)] could not read dos header from C:\Windows\SYSTEM32\IPHLPAPI.DLL
[1121/133402.758:ERROR:process_memory_win.cc(73)] ReadMemory at 0x7ffbcf910000 of 64 bytes failed: ReadProcessMemory 또는 WriteProcessMemory의 일부 작업만을 마쳤습니다. (0x12B)
[1121/133402.758:WARNING:pe_image_reader.cc(340)] could not read dos header from C:\Windows\SYSTEM32\WINMM.dll
[1121/133402.758:ERROR:process_memory_win.cc(73)] ReadMemory at 0x7ffbd8b30000 of 64 bytes failed: ReadProcessMemory 또는 WriteProcessMemory의 일부 작업만을 마쳤습니다. (0x12B)
[1121/133402.758:WARNING:pe_image_reader.cc(340)] could not read dos header from C:\Windows\SYSTEM32\USERENV.dll
[1121/133402.758:ERROR:process_memory_win.cc(73)] ReadMemory at 0x7ffbd8c80000 of 64 bytes failed: ReadProcessMemory 또는 WriteProcessMemory의 일부 작업만을 마쳤습니다. (0x12B)
[1121/133402.758:WARNING:pe_image_reader.cc(340)] could not read dos header from C:\Windows\System32\profapi.dll
[1121/133402.758:ERROR:process_memory_win.cc(73)] ReadMemory at 0x7ffbc0560000 of 64 bytes failed: ReadProcessMemory 또는 WriteProcessMemory의 일부 작업만을 마쳤습니다. (0x12B)
[1121/133402.758:WARNING:pe_image_reader.cc(340)] could not read dos header from C:\Windows\SYSTEM32\DWrite.dll
[1121/133402.758:ERROR:process_memory_win.cc(73)] ReadMemory at 0x7ffbb8740000 of 64 bytes failed: ReadProcessMemory 또는 WriteProcessMemory의 일부 작업만을 마쳤습니다. (0x12B)
[1121/133402.758:WARNING:pe_image_reader.cc(340)] could not read dos header from C:\Windows\SYSTEM32\WINSPOOL.DRV
[1121/133402.758:ERROR:process_memory_win.cc(73)] ReadMemory at 0x7ffbd8c00000 of 64 bytes failed: ReadProcessMemory 또는 WriteProcessMemory의 일부 작업만을 마쳤습니다. (0x12B)
[1121/133402.758:WARNING:pe_image_reader.cc(340)] could not read dos header from C:\Windows\System32\kernel.appcore.dll
[1121/133402.759:ERROR:process_memory_win.cc(73)] ReadMemory at 0x7ffbd9b10000 of 64 bytes failed: ReadProcessMemory 또는 WriteProcessMemory의 일부 작업만을 마쳤습니다. (0x12B)
[1121/133402.759:WARNING:pe_image_reader.cc(340)] could not read dos header from C:\Windows\System32\bcrypt.dll
[1121/133402.759:ERROR:process_memory_win.cc(73)] ReadMemory at 0x7ffbd7190000 of 64 bytes failed: ReadProcessMemory 또는 WriteProcessMemory의 일부 작업만을 마쳤습니다. (0x12B)
[1121/133402.759:WARNING:pe_image_reader.cc(340)] could not read dos header from C:\Windows\SYSTEM32\dbghelp.dll
[1121/133402.759:ERROR:process_memory_win.cc(73)] ReadMemory at 0x7ffbcc4d0000 of 64 bytes failed: ReadProcessMemory 또는 WriteProcessMemory의 일부 작업만을 마쳤습니다. (0x12B)
[1121/133402.759:WARNING:pe_image_reader.cc(340)] could not read dos header from C:\Windows\SYSTEM32\Secur32.dll
[1121/133402.759:ERROR:process_memory_win.cc(73)] ReadMemory at 0x7ffbd74b0000 of 64 bytes failed: ReadProcessMemory 또는 WriteProcessMemory의 일부 작업만을 마쳤습니다. (0x12B)
[1121/133402.759:WARNING:pe_image_reader.cc(340)] could not read dos header from C:\Windows\SYSTEM32\WINHTTP.dll
[1121/133402.759:ERROR:process_memory_win.cc(73)] ReadMemory at 0x7ffbd3720000 of 64 bytes failed: ReadProcessMemory 또는 WriteProcessMemory의 일부 작업만을 마쳤습니다. (0x12B)
[1121/133402.759:WARNING:pe_image_reader.cc(340)] could not read dos header from C:\Windows\SYSTEM32\dhcpcsvc.DLL
[1121/133402.760:ERROR:process_memory_win.cc(73)] ReadMemory at 0x7ffbdcb10000 of 64 bytes failed: ReadProcessMemory 또는 WriteProcessMemory의 일부 작업만을 마쳤습니다. (0x12B)
[1121/133402.760:WARNING:pe_image_reader.cc(340)] could not read dos header from C:\Windows\System32\NSI.dll
[1121/133402.760:ERROR:process_memory_win.cc(73)] ReadMemory at 0x7ffbcf8e0000 of 64 bytes failed: ReadProcessMemory 또는 WriteProcessMemory의 일부 작업만을 마쳤습니다. (0x12B)
[1121/133402.760:WARNING:pe_image_reader.cc(340)] could not read dos header from C:\Windows\SYSTEM32\WINMMBASE.dll
[1121/133402.760:ERROR:process_memory_win.cc(73)] ReadMemory at 0x7ffbd9de0000 of 64 bytes failed: ReadProcessMemory 또는 WriteProcessMemory의 일부 작업만을 마쳤습니다. (0x12B)
[1121/133402.760:WARNING:pe_image_reader.cc(340)] could not read dos header from C:\Windows\System32\cfgmgr32.dll
[1121/133402.760:ERROR:process_memory_win.cc(73)] ReadMemory at 0x7ffbd5160000 of 64 bytes failed: ReadProcessMemory 또는 WriteProcessMemory의 일부 작업만을 마쳤습니다. (0x12B)
[1121/133402.760:WARNING:pe_image_reader.cc(340)] could not read dos header from C:\Windows\SYSTEM32\PROPSYS.dll
[1121/133402.760:ERROR:process_memory_win.cc(73)] ReadMemory at 0x7ffbda2e0000 of 64 bytes failed: ReadProcessMemory 또는 WriteProcessMemory의 일부 작업만을 마쳤습니다. (0x12B)
[1121/133402.760:WARNING:pe_image_reader.cc(340)] could not read dos header from C:\Windows\System32\shcore.dll
[1121/133402.760:ERROR:process_memory_win.cc(73)] ReadMemory at 0x7ffbd8b00000 of 64 bytes failed: ReadProcessMemory 또는 WriteProcessMemory의 일부 작업만을 마쳤습니다. (0x12B)
[1121/133402.761:WARNING:pe_image_reader.cc(340)] could not read dos header from C:\Windows\SYSTEM32\SSPICLI.DLL
[1121/133402.761:ERROR:process_memory_win.cc(73)] ReadMemory at 0x7ffbd85e0000 of 64 bytes failed: ReadProcessMemory 또는 WriteProcessMemory의 일부 작업만을 마쳤습니다. (0x12B)
[1121/133402.761:WARNING:pe_image_reader.cc(340)] could not read dos header from C:\Windows\SYSTEM32\CRYPTBASE.DLL
[1121/133402.761:ERROR:process_memory_win.cc(73)] ReadMemory at 0x7ff725c80000 of 64 bytes failed: ReadProcessMemory 또는 WriteProcessMemory의 일부 작업만을 마쳤습니다. (0x12B)
[1121/133402.761:WARNING:pe_image_reader.cc(340)] could not read dos header from C:\Program Files (x86)\Google\Chrome\Application\chrome.exe
[1121/133402.761:ERROR:process_memory_win.cc(73)] ReadMemory at 0x7ffbdcc10000 of 64 bytes failed: ReadProcessMemory 또는 WriteProcessMemory의 일부 작업만을 마쳤습니다. (0x12B)
[1121/133402.761:WARNING:pe_image_reader.cc(340)] could not read dos header from C:\Windows\SYSTEM32\ntdll.dll
[1121/133402.761:ERROR:process_memory_win.cc(73)] ReadMemory at 0x7ffbdc100000 of 64 bytes failed: ReadProcessMemory 또는 WriteProcessMemory의 일부 작업만을 마쳤습니다. (0x12B)
[1121/133402.761:WARNING:pe_image_reader.cc(340)] could not read dos header from C:\Windows\System32\KERNEL32.DLL
[1121/133402.761:ERROR:process_memory_win.cc(73)] ReadMemory at 0x7ffbd9b40000 of 64 bytes failed: ReadProcessMemory 또는 WriteProcessMemory의 일부 작업만을 마쳤습니다. (0x12B)
[1121/133402.761:WARNING:pe_image_reader.cc(340)] could not read dos header from C:\Windows\System32\KERNELBASE.dll
[1121/133402.761:ERROR:process_memory_win.cc(73)] ReadMemory at 0x7ffbbfde0000 of 64 bytes failed: ReadProcessMemory 또는 WriteProcessMemory의 일부 작업만을 마쳤습니다. (0x12B)
[1121/133402.761:WARNING:pe_image_reader.cc(340)] could not read dos header from C:\Program Files (x86)\Google\Chrome\Application\78.0.3904.108\chrome_elf.dll
[1121/133402.762:ERROR:process_memory_win.cc(73)] ReadMemory at 0x7ffbcf940000 of 64 bytes failed: ReadProcessMemory 또는 WriteProcessMemory의 일부 작업만을 마쳤습니다. (0x12B)
[1121/133402.762:WARNING:pe_image_reader.cc(340)] could not read dos header from C:\Windows\SYSTEM32\VERSION.dll
[1121/133402.762:ERROR:process_memory_win.cc(73)] ReadMemory at 0x7ffbda4c0000 of 64 bytes failed: ReadProcessMemory 또는 WriteProcessMemory의 일부 작업만을 마쳤습니다. (0x12B)
[1121/133402.762:WARNING:pe_image_reader.cc(340)] could not read dos header from C:\Windows\System32\msvcrt.dll
[1121/133402.762:ERROR:process_memory_win.cc(73)] ReadMemory at 0x7ffbd9830000 of 64 bytes failed: ReadProcessMemory 또는 WriteProcessMemory의 일부 작업만을 마쳤습니다. (0x12B)
[1121/133402.762:WARNING:pe_image_reader.cc(340)] could not read dos header from C:\Windows\System32\bcryptPrimitives.dll
[1121/133402.762:ERROR:process_memory_win.cc(73)] ReadMemory at 0x7ffbdbf20000 of 64 bytes failed: ReadProcessMemory 또는 WriteProcessMemory의 일부 작업만을 마쳤습니다. (0x12B)
[1121/133402.762:WARNING:pe_image_reader.cc(340)] could not read dos header from C:\Windows\System32\ADVAPI32.dll
[1121/133402.762:ERROR:process_memory_win.cc(73)] ReadMemory at 0x7ffbdbe80000 of 64 bytes failed: ReadProcessMemory 또는 WriteProcessMemory의 일부 작업만을 마쳤습니다. (0x12B)
[1121/133402.762:WARNING:pe_image_reader.cc(340)] could not read dos header from C:\Windows\System32\sechost.dll
[1121/133402.763:ERROR:process_memory_win.cc(73)] ReadMemory at 0x7ffbdbfd0000 of 64 bytes failed: ReadProcessMemory 또는 WriteProcessMemory의 일부 작업만을 마쳤습니다. (0x12B)
[1121/133402.763:WARNING:pe_image_reader.cc(340)] could not read dos header from C:\Windows\System32\RPCRT4.dll
[1121/133402.763:ERROR:process_memory_win.cc(73)] ReadMemory at 0x7ffb8ea80000 of 64 bytes failed: ReadProcessMemory 또는 WriteProcessMemory의 일부 작업만을 마쳤습니다. (0x12B)
[1121/133402.763:WARNING:pe_image_reader.cc(340)] could not read dos header from C:\Program Files (x86)\Google\Chrome\Application\78.0.3904.108\chrome_child.dll
[1121/133402.763:ERROR:process_memory_win.cc(73)] ReadMemory at 0x7ffbda3f0000 of 64 bytes failed: ReadProcessMemory 또는 WriteProcessMemory의 일부 작업만을 마쳤습니다. (0x12B)
[1121/133402.763:WARNING:pe_image_reader.cc(340)] could not read dos header from C:\Windows\System32\OLEAUT32.dll
[1121/133402.763:ERROR:process_memory_win.cc(73)] ReadMemory at 0x7ffbd98d0000 of 64 bytes failed: ReadProcessMemory 또는 WriteProcessMemory의 일부 작업만을 마쳤습니다. (0x12B)
[1121/133402.763:WARNING:pe_image_reader.cc(340)] could not read dos header from C:\Windows\System32\msvcp_win.dll
[1121/133402.763:ERROR:process_memory_win.cc(73)] ReadMemory at 0x7ffbd9730000 of 64 bytes failed: ReadProcessMemory 또는 WriteProcessMemory의 일부 작업만을 마쳤습니다. (0x12B)
[1121/133402.763:WARNING:pe_image_reader.cc(340)] could not read dos header from C:\Windows\System32\ucrtbase.dll
[1121/133402.763:ERROR:process_memory_win.cc(73)] ReadMemory at 0x7ffbdc760000 of 64 bytes failed: ReadProcessMemory 또는 WriteProcessMemory의 일부 작업만을 마쳤습니다. (0x12B)
[1121/133402.763:WARNING:pe_image_reader.cc(340)] could not read dos header from C:\Windows\System32\combase.dll
[1121/133402.763:ERROR:process_memory_win.cc(73)] ReadMemory at 0x22c10b60000 of 64 bytes failed: ReadProcessMemory 또는 WriteProcessMemory의 일부 작업만을 마쳤습니다. (0x12B)
[1121/133402.764:WARNING:pe_image_reader.cc(340)] could not read dos header from C:\Windows\System32\WS2_32.dll
[1121/133402.764:ERROR:process_memory_win.cc(73)] ReadMemory at 0x7ffbd96d0000 of 64 bytes failed: ReadProcessMemory 또는 WriteProcessMemory의 일부 작업만을 마쳤습니다. (0x12B)
[1121/133402.764:WARNING:pe_image_reader.cc(340)] could not read dos header from C:\Windows\System32\WINTRUST.dll
[1121/133402.764:ERROR:process_memory_win.cc(73)] ReadMemory at 0x7ffbd8cb0000 of 64 bytes failed: ReadProcessMemory 또는 WriteProcessMemory의 일부 작업만을 마쳤습니다. (0x12B)
[1121/133402.764:WARNING:pe_image_reader.cc(340)] could not read dos header from C:\Windows\System32\MSASN1.dll
[1121/133402.764:ERROR:process_memory_win.cc(73)] ReadMemory at 0x7ffbd9440000 of 64 bytes failed: ReadProcessMemory 또는 WriteProcessMemory의 일부 작업만을 마쳤습니다. (0x12B)
[1121/133402.764:WARNING:pe_image_reader.cc(340)] could not read dos header from C:\Windows\System32\CRYPT32.dll
[1121/133402.764:ERROR:process_memory_win.cc(73)] ReadMemory at 0x7ffbd8130000 of 64 bytes failed: ReadProcessMemory 또는 WriteProcessMemory의 일부 작업만을 마쳤습니다. (0x12B)
[1121/133402.764:WARNING:pe_image_reader.cc(340)] could not read dos header from C:\Windows\SYSTEM32\IPHLPAPI.DLL
[1121/133402.764:ERROR:process_memory_win.cc(73)] ReadMemory at 0x7ffbcf910000 of 64 bytes failed: ReadProcessMemory 또는 WriteProcessMemory의 일부 작업만을 마쳤습니다. (0x12B)
[1121/133402.764:WARNING:pe_image_reader.cc(340)] could not read dos header from C:\Windows\SYSTEM32\WINMM.dll
[1121/133402.764:ERROR:process_memory_win.cc(73)] ReadMemory at 0x7ffbd8b30000 of 64 bytes failed: ReadProcessMemory 또는 WriteProcessMemory의 일부 작업만을 마쳤습니다. (0x12B)
[1121/133402.765:WARNING:pe_image_reader.cc(340)] could not read dos header from C:\Windows\SYSTEM32\USERENV.dll
[1121/133402.765:ERROR:process_memory_win.cc(73)] ReadMemory at 0x7ffbd8c80000 of 64 bytes failed: ReadProcessMemory 또는 WriteProcessMemory의 일부 작업만을 마쳤습니다. (0x12B)
[1121/133402.765:WARNING:pe_image_reader.cc(340)] could not read dos header from C:\Windows\System32\profapi.dll
[1121/133402.765:ERROR:process_memory_win.cc(73)] ReadMemory at 0x7ffbc0560000 of 64 bytes failed: ReadProcessMemory 또는 WriteProcessMemory의 일부 작업만을 마쳤습니다. (0x12B)
[1121/133402.765:WARNING:pe_image_reader.cc(340)] could not read dos header from C:\Windows\SYSTEM32\DWrite.dll
[1121/133402.765:ERROR:process_memory_win.cc(73)] ReadMemory at 0x7ffbb8740000 of 64 bytes failed: ReadProcessMemory 또는 WriteProcessMemory의 일부 작업만을 마쳤습니다. (0x12B)
[1121/133402.765:WARNING:pe_image_reader.cc(340)] could not read dos header from C:\Windows\SYSTEM32\WINSPOOL.DRV
[1121/133402.765:ERROR:process_memory_win.cc(73)] ReadMemory at 0x7ffbd8c00000 of 64 bytes failed: ReadProcessMemory 또는 WriteProcessMemory의 일부 작업만을 마쳤습니다. (0x12B)
[1121/133402.765:WARNING:pe_image_reader.cc(340)] could not read dos header from C:\Windows\System32\kernel.appcore.dll
[1121/133402.765:ERROR:process_memory_win.cc(73)] ReadMemory at 0x7ffbd9b10000 of 64 bytes failed: ReadProcessMemory 또는 WriteProcessMemory의 일부 작업만을 마쳤습니다. (0x12B)
[1121/133402.765:WARNING:pe_image_reader.cc(340)] could not read dos header from C:\Windows\System32\bcrypt.dll
[1121/133402.765:ERROR:process_memory_win.cc(73)] ReadMemory at 0x7ffbd7190000 of 64 bytes failed: ReadProcessMemory 또는 WriteProcessMemory의 일부 작업만을 마쳤습니다. (0x12B)
[1121/133402.765:WARNING:pe_image_reader.cc(340)] could not read dos header from C:\Windows\SYSTEM32\dbghelp.dll
[1121/133402.765:ERROR:process_memory_win.cc(73)] ReadMemory at 0x7ffbcc4d0000 of 64 bytes failed: ReadProcessMemory 또는 WriteProcessMemory의 일부 작업만을 마쳤습니다. (0x12B)
[1121/133402.766:WARNING:pe_image_reader.cc(340)] could not read dos header from C:\Windows\SYSTEM32\Secur32.dll
[1121/133402.766:ERROR:process_memory_win.cc(73)] ReadMemory at 0x7ffbd74b0000 of 64 bytes failed: ReadProcessMemory 또는 WriteProcessMemory의 일부 작업만을 마쳤습니다. (0x12B)
[1121/133402.766:WARNING:pe_image_reader.cc(340)] could not read dos header from C:\Windows\SYSTEM32\WINHTTP.dll
[1121/133402.766:ERROR:process_memory_win.cc(73)] ReadMemory at 0x7ffbd3720000 of 64 bytes failed: ReadProcessMemory 또는 WriteProcessMemory의 일부 작업만을 마쳤습니다. (0x12B)
[1121/133402.766:WARNING:pe_image_reader.cc(340)] could not read dos header from C:\Windows\SYSTEM32\dhcpcsvc.DLL
[1121/133402.766:ERROR:process_memory_win.cc(73)] ReadMemory at 0x7ffbdcb10000 of 64 bytes failed: ReadProcessMemory 또는 WriteProcessMemory의 일부 작업만을 마쳤습니다. (0x12B)
[1121/133402.766:WARNING:pe_image_reader.cc(340)] could not read dos header from C:\Windows\System32\NSI.dll
[1121/133402.766:ERROR:process_memory_win.cc(73)] ReadMemory at 0x7ffbcf8e0000 of 64 bytes failed: ReadProcessMemory 또는 WriteProcessMemory의 일부 작업만을 마쳤습니다. (0x12B)
[1121/133402.766:WARNING:pe_image_reader.cc(340)] could not read dos header from C:\Windows\SYSTEM32\WINMMBASE.dll
[1121/133402.767:ERROR:process_memory_win.cc(73)] ReadMemory at 0x7ffbd9de0000 of 64 bytes failed: ReadProcessMemory 또는 WriteProcessMemory의 일부 작업만을 마쳤습니다. (0x12B)
[1121/133402.767:WARNING:pe_image_reader.cc(340)] could not read dos header from C:\Windows\System32\cfgmgr32.dll
[1121/133402.767:ERROR:process_memory_win.cc(73)] ReadMemory at 0x7ffbd5160000 of 64 bytes failed: ReadProcessMemory 또는 WriteProcessMemory의 일부 작업만을 마쳤습니다. (0x12B)
[1121/133402.767:WARNING:pe_image_reader.cc(340)] could not read dos header from C:\Windows\SYSTEM32\PROPSYS.dll
[1121/133402.767:ERROR:process_memory_win.cc(73)] ReadMemory at 0x7ffbda2e0000 of 64 bytes failed: ReadProcessMemory 또는 WriteProcessMemory의 일부 작업만을 마쳤습니다. (0x12B)
[1121/133402.767:WARNING:pe_image_reader.cc(340)] could not read dos header from C:\Windows\System32\shcore.dll
[1121/133402.767:ERROR:process_memory_win.cc(73)] ReadMemory at 0x7ffbd8b00000 of 64 bytes failed: ReadProcessMemory 또는 WriteProcessMemory의 일부 작업만을 마쳤습니다. (0x12B)
[1121/133402.767:WARNING:pe_image_reader.cc(340)] could not read dos header from C:\Windows\SYSTEM32\SSPICLI.DLL
[1121/133402.767:ERROR:process_memory_win.cc(73)] ReadMemory at 0x7ffbd85e0000 of 64 bytes failed: ReadProcessMemory 또는 WriteProcessMemory의 일부 작업만을 마쳤습니다. (0x12B)
[1121/133402.767:WARNING:pe_image_reader.cc(340)] could not read dos header from C:\Windows\SYSTEM32\CRYPTBASE.DLL
[1121/133402.799:ERROR:process_memory_win.cc(73)] ReadMemory at 0xe3bc7f8000 of 32768 bytes failed: ReadProcessMemory 또는 WriteProcessMemory의 일부 작업만을 마쳤습니다. (0x12B)
[1121/133402.799:ERROR:process_memory_win.cc(73)] ReadMemory at 0xe3bcffd000 of 12288 bytes failed: ReadProcessMemory 또는 WriteProcessMemory의 일부 작업만을 마쳤습니다. (0x12B)
[1121/133402.799:ERROR:process_memory_win.cc(73)] ReadMemory at 0xe3bd7fd000 of 12288 bytes failed: ReadProcessMemory 또는 WriteProcessMemory의 일부 작업만을 마쳤습니다. (0x12B)
[1121/133402.800:ERROR:process_memory_win.cc(73)] ReadMemory at 0xe3bdffd000 of 12288 bytes failed: ReadProcessMemory 또는 WriteProcessMemory의 일부 작업만을 마쳤습니다. (0x12B)
[1121/133402.800:ERROR:process_memory_win.cc(73)] ReadMemory at 0xe3be7fc000 of 16384 bytes failed: ReadProcessMemory 또는 WriteProcessMemory의 일부 작업만을 마쳤습니다. (0x12B)
[1121/133402.800:ERROR:process_memory_win.cc(73)] ReadMemory at 0xe3beffe000 of 8192 bytes failed: ReadProcessMemory 또는 WriteProcessMemory의 일부 작업만을 마쳤습니다. (0x12B)
[1121/133402.800:ERROR:process_memory_win.cc(73)] ReadMemory at 0xe3bf7fd000 of 12288 bytes failed: ReadProcessMemory 또는 WriteProcessMemory의 일부 작업만을 마쳤습니다. (0x12B)
[1121/133402.800:ERROR:process_memory_win.cc(73)] ReadMemory at 0xe3bfffc000 of 16384 bytes failed: ReadProcessMemory 또는 WriteProcessMemory의 일부 작업만을 마쳤습니다. (0x12B)
[1121/133402.801:ERROR:process_memory_win.cc(73)] ReadMemory at 0xe3c07fd000 of 12288 bytes failed: ReadProcessMemory 또는 WriteProcessMemory의 일부 작업만을 마쳤습니다. (0x12B)
[1121/133402.801:ERROR:process_memory_win.cc(73)] ReadMemory at 0xe3c0ffd000 of 12288 bytes failed: ReadProcessMemory 또는 WriteProcessMemory의 일부 작업만을 마쳤습니다. (0x12B)
[1121/133402.801:ERROR:process_memory_win.cc(73)] ReadMemory at 0xe3c17fd000 of 12288 bytes failed: ReadProcessMemory 또는 WriteProcessMemory의 일부 작업만을 마쳤습니다. (0x12B)
[1121/133402.801:ERROR:process_memory_win.cc(73)] ReadMemory at 0xe3c1ffd000 of 12288 bytes failed: ReadProcessMemory 또는 WriteProcessMemory의 일부 작업만을 마쳤습니다. (0x12B)
[1121/133402.801:ERROR:process_memory_win.cc(73)] ReadMemory at 0xe3c27fd000 of 12288 bytes failed: ReadProcessMemory 또는 WriteProcessMemory의 일부 작업만을 마쳤습니다. (0x12B)
[1121/133402.801:ERROR:process_memory_win.cc(73)] ReadMemory at 0xe3c2ffd000 of 12288 bytes failed: ReadProcessMemory 또는 WriteProcessMemory의 일부 작업만을 마쳤습니다. (0x12B)
[1121/133402.802:ERROR:process_memory_win.cc(73)] ReadMemory at 0xe3c37fd000 of 12288 bytes failed: ReadProcessMemory 또는 WriteProcessMemory의 일부 작업만을 마쳤습니다. (0x12B)
[1121/133402.802:ERROR:process_memory_win.cc(73)] ReadMemory at 0xe3bbea9000 of 852 bytes failed: ReadProcessMemory 또는 WriteProcessMemory의 일부 작업만을 마쳤습니다. (0x12B)
[1121/133402.802:ERROR:process_memory_win.cc(73)] ReadMemory at 0xe3bbeaa000 of 6024 bytes failed: ReadProcessMemory 또는 WriteProcessMemory의 일부 작업만을 마쳤습니다. (0x12B)
[1121/133402.802:ERROR:process_memory_win.cc(73)] ReadMemory at 0xe3bbeac000 of 6024 bytes failed: ReadProcessMemory 또는 WriteProcessMemory의 일부 작업만을 마쳤습니다. (0x12B)
[1121/133402.802:ERROR:process_memory_win.cc(73)] ReadMemory at 0xe3bbeae000 of 6024 bytes failed: ReadProcessMemory 또는 WriteProcessMemory의 일부 작업만을 마쳤습니다. (0x12B)
[1121/133402.803:ERROR:process_memory_win.cc(73)] ReadMemory at 0xe3bbeb0000 of 6024 bytes failed: ReadProcessMemory 또는 WriteProcessMemory의 일부 작업만을 마쳤습니다. (0x12B)
[1121/133402.803:ERROR:process_memory_win.cc(73)] ReadMemory at 0xe3bbeb2000 of 6024 bytes failed: ReadProcessMemory 또는 WriteProcessMemory의 일부 작업만을 마쳤습니다. (0x12B)
[1121/133402.803:ERROR:process_memory_win.cc(73)] ReadMemory at 0xe3bbeb4000 of 6024 bytes failed: ReadProcessMemory 또는 WriteProcessMemory의 일부 작업만을 마쳤습니다. (0x12B)
[1121/133402.803:ERROR:process_memory_win.cc(73)] ReadMemory at 0xe3bbeb6000 of 6024 bytes failed: ReadProcessMemory 또는 WriteProcessMemory의 일부 작업만을 마쳤습니다. (0x12B)
[1121/133402.803:ERROR:process_memory_win.cc(73)] ReadMemory at 0xe3bbeb8000 of 6024 bytes failed: ReadProcessMemory 또는 WriteProcessMemory의 일부 작업만을 마쳤습니다. (0x12B)
[1121/133402.803:ERROR:process_memory_win.cc(73)] ReadMemory at 0xe3bbeba000 of 6024 bytes failed: ReadProcessMemory 또는 WriteProcessMemory의 일부 작업만을 마쳤습니다. (0x12B)
[1121/133402.804:ERROR:process_memory_win.cc(73)] ReadMemory at 0xe3bbebc000 of 6024 bytes failed: ReadProcessMemory 또는 WriteProcessMemory의 일부 작업만을 마쳤습니다. (0x12B)
[1121/133402.804:ERROR:process_memory_win.cc(73)] ReadMemory at 0xe3bbebe000 of 6024 bytes failed: ReadProcessMemory 또는 WriteProcessMemory의 일부 작업만을 마쳤습니다. (0x12B)
[1121/133402.804:ERROR:process_memory_win.cc(73)] ReadMemory at 0xe3bbec0000 of 6024 bytes failed: ReadProcessMemory 또는 WriteProcessMemory의 일부 작업만을 마쳤습니다. (0x12B)
[1121/133402.804:ERROR:process_memory_win.cc(73)] ReadMemory at 0xe3bbec2000 of 6024 bytes failed: ReadProcessMemory 또는 WriteProcessMemory의 일부 작업만을 마쳤습니다. (0x12B)
[1121/133402.804:ERROR:process_memory_win.cc(73)] ReadMemory at 0xe3bbec4000 of 6024 bytes failed: ReadProcessMemory 또는 WriteProcessMemory의 일부 작업만을 마쳤습니다. (0x12B)
[1121/133402.804:ERROR:process_memory_win.cc(73)] ReadMemory at 0xe3bbec6000 of 6024 bytes failed: ReadProcessMemory 또는 WriteProcessMemory의 일부 작업만을 마쳤습니다. (0x12B)
[1121/133402.805:ERROR:process_memory_win.cc(73)] ReadMemory at 0x22c10970fe0 of 26382 bytes failed: ReadProcessMemory 또는 WriteProcessMemory의 일부 작업만을 마쳤습니다. (0x12B)
[1121/133402.805:ERROR:process_memory_win.cc(73)] ReadMemory at 0x22c10977700 of 1012 bytes failed: ReadProcessMemory 또는 WriteProcessMemory의 일부 작업만을 마쳤습니다. (0x12B)
[1121/133402.805:ERROR:process_memory_win.cc(73)] ReadMemory at 0x22c10977d28 of 118 bytes failed: ReadProcessMemory 또는 WriteProcessMemory의 일부 작업만을 마쳤습니다. (0x12B)
[1121/133402.805:ERROR:process_memory_win.cc(73)] ReadMemory at 0x22c10977da0 of 856 bytes failed: ReadProcessMemory 또는 WriteProcessMemory의 일부 작업만을 마쳤습니다. (0x12B)
[1121/133402.805:ERROR:process_memory_win.cc(73)] ReadMemory at 0x22c109780fa of 118 bytes failed: ReadProcessMemory 또는 WriteProcessMemory의 일부 작업만을 마쳤습니다. (0x12B)
[1121/133402.806:ERROR:process_memory_win.cc(73)] ReadMemory at 0x22c10978172 of 100 bytes failed: ReadProcessMemory 또는 WriteProcessMemory의 일부 작업만을 마쳤습니다. (0x12B)
[1121/133402.806:ERROR:process_memory_win.cc(73)] ReadMemory at 0x22c109781f0 of 58 bytes failed: ReadProcessMemory 또는 WriteProcessMemory의 일부 작업만을 마쳤습니다. (0x12B)
[1121/133402.806:ERROR:process_memory_win.cc(73)] ReadMemory at 0x22c109782f0 of 132 bytes failed: ReadProcessMemory 또는 WriteProcessMemory의 일부 작업만을 마쳤습니다. (0x12B)
[1121/133402.806:ERROR:process_memory_win.cc(73)] ReadMemory at 0x22c10978480 of 132 bytes failed: ReadProcessMemory 또는 WriteProcessMemory의 일부 작업만을 마쳤습니다. (0x12B)
[1121/133402.806:ERROR:process_memory_win.cc(73)] ReadMemory at 0x22c10978640 of 126 bytes failed: ReadProcessMemory 또는 WriteProcessMemory의 일부 작업만을 마쳤습니다. (0x12B)
[1121/133402.806:ERROR:process_memory_win.cc(73)] ReadMemory at 0x22c10978a20 of 132 bytes failed: ReadProcessMemory 또는 WriteProcessMemory의 일부 작업만을 마쳤습니다. (0x12B)
[1121/133402.806:ERROR:process_memory_win.cc(73)] ReadMemory at 0x22c10978bb0 of 64 bytes failed: ReadProcessMemory 또는 WriteProcessMemory의 일부 작업만을 마쳤습니다. (0x12B)
[1121/133402.806:ERROR:process_memory_win.cc(73)] ReadMemory at 0x22c10978c00 of 132 bytes failed: ReadProcessMemory 또는 WriteProcessMemory의 일부 작업만을 마쳤습니다. (0x12B)
[1121/133402.807:ERROR:process_memory_win.cc(73)] ReadMemory at 0x22c10978d70 of 132 bytes failed: ReadProcessMemory 또는 WriteProcessMemory의 일부 작업만을 마쳤습니다. (0x12B)
[1121/133402.807:ERROR:process_memory_win.cc(73)] ReadMemory at 0x22c10979010 of 132 bytes failed: ReadProcessMemory 또는 WriteProcessMemory의 일부 작업만을 마쳤습니다. (0x12B)
[1121/133402.807:ERROR:process_memory_win.cc(73)] ReadMemory at 0x22c109791a0 of 68 bytes failed: ReadProcessMemory 또는 WriteProcessMemory의 일부 작업만을 마쳤습니다. (0x12B)
[1121/133402.807:ERROR:process_memory_win.cc(73)] ReadMemory at 0x22c1097a050 of 158 bytes failed: ReadProcessMemory 또는 WriteProcessMemory의 일부 작업만을 마쳤습니다. (0x12B)
[1121/133402.807:ERROR:process_memory_win.cc(73)] ReadMemory at 0x22c1097a130 of 132 bytes failed: ReadProcessMemory 또는 WriteProcessMemory의 일부 작업만을 마쳤습니다. (0x12B)
[1121/133402.807:ERROR:process_memory_win.cc(73)] ReadMemory at 0x22c1097a2c0 of 154 bytes failed: ReadProcessMemory 또는 WriteProcessMemory의 일부 작업만을 마쳤습니다. (0x12B)
[1121/133402.807:ERROR:process_memory_win.cc(73)] ReadMemory at 0x22c1097af60 of 132 bytes failed: ReadProcessMemory 또는 WriteProcessMemory의 일부 작업만을 마쳤습니다. (0x12B)
[1121/133402.807:ERROR:process_memory_win.cc(73)] ReadMemory at 0x22c1097b0e0 of 132 bytes failed: ReadProcessMemory 또는 WriteProcessMemory의 일부 작업만을 마쳤습니다. (0x12B)
[1121/133402.807:ERROR:process_memory_win.cc(73)] ReadMemory at 0x22c1097b210 of 60 bytes failed: ReadProcessMemory 또는 WriteProcessMemory의 일부 작업만을 마쳤습니다. (0x12B)
[1121/133402.808:ERROR:process_memory_win.cc(73)] ReadMemory at 0x22c1097b4e0 of 132 bytes failed: ReadProcessMemory 또는 WriteProcessMemory의 일부 작업만을 마쳤습니다. (0x12B)
[1121/133402.808:ERROR:process_memory_win.cc(73)] ReadMemory at 0x22c1097bed0 of 62 bytes failed: ReadProcessMemory 또는 WriteProcessMemory의 일부 작업만을 마쳤습니다. (0x12B)
[1121/133402.808:ERROR:process_memory_win.cc(73)] ReadMemory at 0x22c1097d1c0 of 132 bytes failed: ReadProcessMemory 또는 WriteProcessMemory의 일부 작업만을 마쳤습니다. (0x12B)
[1121/133402.808:ERROR:process_memory_win.cc(73)] ReadMemory at 0x22c1097d3d0 of 132 bytes failed: ReadProcessMemory 또는 WriteProcessMemory의 일부 작업만을 마쳤습니다. (0x12B)
[1121/133402.808:ERROR:process_memory_win.cc(73)] ReadMemory at 0x22c1097d480 of 512 bytes failed: ReadProcessMemory 또는 WriteProcessMemory의 일부 작업만을 마쳤습니다. (0x12B)
[1121/133402.808:ERROR:process_memory_win.cc(73)] ReadMemory at 0x22c1097fc30 of 132 bytes failed: ReadProcessMemory 또는 WriteProcessMemory의 일부 작업만을 마쳤습니다. (0x12B)
[1121/133402.808:ERROR:process_memory_win.cc(73)] ReadMemory at 0x22c1097fd60 of 132 bytes failed: ReadProcessMemory 또는 WriteProcessMemory의 일부 작업만을 마쳤습니다. (0x12B)
[1121/133402.808:ERROR:process_memory_win.cc(73)] ReadMemory at 0x22c1097fef0 of 80 bytes failed: ReadProcessMemory 또는 WriteProcessMemory의 일부 작업만을 마쳤습니다. (0x12B)
[1121/133402.808:ERROR:process_memory_win.cc(73)] ReadMemory at 0x22c10980090 of 132 bytes failed: ReadProcessMemory 또는 WriteProcessMemory의 일부 작업만을 마쳤습니다. (0x12B)
[1121/133402.808:ERROR:process_memory_win.cc(73)] ReadMemory at 0x22c109801c0 of 132 bytes failed: ReadProcessMemory 또는 WriteProcessMemory의 일부 작업만을 마쳤습니다. (0x12B)
[1121/133402.808:ERROR:process_memory_win.cc(73)] ReadMemory at 0x22c10980420 of 132 bytes failed: ReadProcessMemory 또는 WriteProcessMemory의 일부 작업만을 마쳤습니다. (0x12B)
[1121/133402.809:ERROR:process_memory_win.cc(73)] ReadMemory at 0x22c10980550 of 132 bytes failed: ReadProcessMemory 또는 WriteProcessMemory의 일부 작업만을 마쳤습니다. (0x12B)
[1121/133402.809:ERROR:process_memory_win.cc(73)] ReadMemory at 0x22c10980680 of 132 bytes failed: ReadProcessMemory 또는 WriteProcessMemory의 일부 작업만을 마쳤습니다. (0x12B)
[1121/133402.809:ERROR:process_memory_win.cc(73)] ReadMemory at 0x22c10984560 of 54 bytes failed: ReadProcessMemory 또는 WriteProcessMemory의 일부 작업만을 마쳤습니다. (0x12B)
[1121/133402.809:ERROR:process_memory_win.cc(73)] ReadMemory at 0x22c10985390 of 62 bytes failed: ReadProcessMemory 또는 WriteProcessMemory의 일부 작업만을 마쳤습니다. (0x12B)
[1121/133402.809:ERROR:process_memory_win.cc(73)] ReadMemory at 0x22c10985610 of 62 bytes failed: ReadProcessMemory 또는 WriteProcessMemory의 일부 작업만을 마쳤습니다. (0x12B)
[1121/133402.809:ERROR:process_memory_win.cc(73)] ReadMemory at 0x22c10985660 of 60 bytes failed: ReadProcessMemory 또는 WriteProcessMemory의 일부 작업만을 마쳤습니다. (0x12B)
[1121/133402.809:ERROR:process_memory_win.cc(73)] ReadMemory at 0x22c10985700 of 64 bytes failed: ReadProcessMemory 또는 WriteProcessMemory의 일부 작업만을 마쳤습니다. (0x12B)
[1121/133402.809:ERROR:process_memory_win.cc(73)] ReadMemory at 0x22c10985750 of 64 bytes failed: ReadProcessMemory 또는 WriteProcessMemory의 일부 작업만을 마쳤습니다. (0x12B)
[1121/133402.809:ERROR:process_memory_win.cc(73)] ReadMemory at 0x22c109857f0 of 66 bytes failed: ReadProcessMemory 또는 WriteProcessMemory의 일부 작업만을 마쳤습니다. (0x12B)
[1121/133402.810:ERROR:process_memory_win.cc(73)] ReadMemory at 0x22c109858e0 of 64 bytes failed: ReadProcessMemory 또는 WriteProcessMemory의 일부 작업만을 마쳤습니다. (0x12B)
[1121/133402.810:ERROR:process_memory_win.cc(73)] ReadMemory at 0x22c10985930 of 64 bytes failed: ReadProcessMemory 또는 WriteProcessMemory의 일부 작업만을 마쳤습니다. (0x12B)
[1121/133402.810:ERROR:process_memory_win.cc(73)] ReadMemory at 0x22c10985980 of 64 bytes failed: ReadProcessMemory 또는 WriteProcessMemory의 일부 작업만을 마쳤습니다. (0x12B)
[1121/133402.810:ERROR:process_memory_win.cc(73)] ReadMemory at 0x22c109859d0 of 62 bytes failed: ReadProcessMemory 또는 WriteProcessMemory의 일부 작업만을 마쳤습니다. (0x12B)
[1121/133402.810:ERROR:process_memory_win.cc(73)] ReadMemory at 0x22c10985a20 of 60 bytes failed: ReadProcessMemory 또는 WriteProcessMemory의 일부 작업만을 마쳤습니다. (0x12B)
[1121/133402.810:ERROR:process_memory_win.cc(73)] ReadMemory at 0x22c10985a70 of 66 bytes failed: ReadProcessMemory 또는 WriteProcessMemory의 일부 작업만을 마쳤습니다. (0x12B)
[1121/133402.810:ERROR:process_memory_win.cc(73)] ReadMemory at 0x22c10985b10 of 62 bytes failed: ReadProcessMemory 또는 WriteProcessMemory의 일부 작업만을 마쳤습니다. (0x12B)
[1121/133402.810:ERROR:process_memory_win.cc(73)] ReadMemory at 0x22c10985bb0 of 60 bytes failed: ReadProcessMemory 또는 WriteProcessMemory의 일부 작업만을 마쳤습니다. (0x12B)
[1121/133402.811:ERROR:process_memory_win.cc(73)] ReadMemory at 0x22c10985c00 of 60 bytes failed: ReadProcessMemory 또는 WriteProcessMemory의 일부 작업만을 마쳤습니다. (0x12B)
[1121/133402.811:ERROR:process_memory_win.cc(73)] ReadMemory at 0x22c10985c50 of 64 bytes failed: ReadProcessMemory 또는 WriteProcessMemory의 일부 작업만을 마쳤습니다. (0x12B)
[1121/133402.811:ERROR:process_memory_win.cc(73)] ReadMemory at 0x22c10985ca0 of 64 bytes failed: ReadProcessMemory 또는 WriteProcessMemory의 일부 작업만을 마쳤습니다. (0x12B)
[1121/133402.811:ERROR:process_memory_win.cc(73)] ReadMemory at 0x22c10985cf0 of 60 bytes failed: ReadProcessMemory 또는 WriteProcessMemory의 일부 작업만을 마쳤습니다. (0x12B)
[1121/133402.811:ERROR:process_memory_win.cc(73)] ReadMemory at 0x22c10985d90 of 62 bytes failed: ReadProcessMemory 또는 WriteProcessMemory의 일부 작업만을 마쳤습니다. (0x12B)
[1121/133402.811:ERROR:process_memory_win.cc(73)] ReadMemory at 0x22c10985de0 of 62 bytes failed: ReadProcessMemory 또는 WriteProcessMemory의 일부 작업만을 마쳤습니다. (0x12B)
[1121/133402.811:ERROR:process_memory_win.cc(73)] ReadMemory at 0x22c10985e80 of 58 bytes failed: ReadProcessMemory 또는 WriteProcessMemory의 일부 작업만을 마쳤습니다. (0x12B)
[1121/133402.812:ERROR:process_memory_win.cc(73)] ReadMemory at 0x22c10985fc0 of 62 bytes failed: ReadProcessMemory 또는 WriteProcessMemory의 일부 작업만을 마쳤습니다. (0x12B)
[1121/133402.812:ERROR:process_memory_win.cc(73)] ReadMemory at 0x22c10986010 of 64 bytes failed: ReadProcessMemory 또는 WriteProcessMemory의 일부 작업만을 마쳤습니다. (0x12B)
[1121/133402.812:ERROR:process_memory_win.cc(73)] ReadMemory at 0x22c10986060 of 62 bytes failed: ReadProcessMemory 또는 WriteProcessMemory의 일부 작업만을 마쳤습니다. (0x12B)
[1121/133402.812:ERROR:process_memory_win.cc(73)] ReadMemory at 0x22c10986100 of 62 bytes failed: ReadProcessMemory 또는 WriteProcessMemory의 일부 작업만을 마쳤습니다. (0x12B)
[1121/133402.812:ERROR:process_memory_win.cc(73)] ReadMemory at 0x22c10986150 of 62 bytes failed: ReadProcessMemory 또는 WriteProcessMemory의 일부 작업만을 마쳤습니다. (0x12B)
[1121/133402.812:ERROR:process_memory_win.cc(73)] ReadMemory at 0x22c109861f0 of 60 bytes failed: ReadProcessMemory 또는 WriteProcessMemory의 일부 작업만을 마쳤습니다. (0x12B)
[1121/133402.812:ERROR:process_memory_win.cc(73)] ReadMemory at 0x22c10986660 of 76 bytes failed: ReadProcessMemory 또는 WriteProcessMemory의 일부 작업만을 마쳤습니다. (0x12B)
[1121/133402.813:ERROR:process_memory_win.cc(73)] ReadMemory at 0x22c10989900 of 132 bytes failed: ReadProcessMemory 또는 WriteProcessMemory의 일부 작업만을 마쳤습니다. (0x12B)
[1121/133402.813:ERROR:process_memory_win.cc(73)] ReadMemory at 0x22c10989cb0 of 132 bytes failed: ReadProcessMemory 또는 WriteProcessMemory의 일부 작업만을 마쳤습니다. (0x12B)
[1121/133402.813:ERROR:process_memory_win.cc(73)] ReadMemory at 0x22c1098ba90 of 132 bytes failed: ReadProcessMemory 또는 WriteProcessMemory의 일부 작업만을 마쳤습니다. (0x12B)
[1121/133402.813:ERROR:process_memory_win.cc(73)] ReadMemory at 0x22c1098bbc0 of 132 bytes failed: ReadProcessMemory 또는 WriteProcessMemory의 일부 작업만을 마쳤습니다. (0x12B)
[1121/133402.813:ERROR:process_memory_win.cc(73)] ReadMemory at 0x22c1098bcf0 of 132 bytes failed: ReadProcessMemory 또는 WriteProcessMemory의 일부 작업만을 마쳤습니다. (0x12B)
[1121/133402.813:ERROR:process_memory_win.cc(73)] ReadMemory at 0x22c1098be20 of 132 bytes failed: ReadProcessMemory 또는 WriteProcessMemory의 일부 작업만을 마쳤습니다. (0x12B)
[1121/133402.813:ERROR:process_memory_win.cc(73)] ReadMemory at 0x22c1098bf50 of 132 bytes failed: ReadProcessMemory 또는 WriteProcessMemory의 일부 작업만을 마쳤습니다. (0x12B)
[1121/133402.813:ERROR:process_memory_win.cc(73)] ReadMemory at 0x22c1098c2e0 of 132 bytes failed: ReadProcessMemory 또는 WriteProcessMemory의 일부 작업만을 마쳤습니다. (0x12B)
[1121/133402.813:ERROR:process_memory_win.cc(73)] ReadMemory at 0x22c1098ca00 of 132 bytes failed: ReadProcessMemory 또는 WriteProcessMemory의 일부 작업만을 마쳤습니다. (0x12B)
[1121/133402.813:ERROR:process_memory_win.cc(73)] ReadMemory at 0x22c1098cb30 of 132 bytes failed: ReadProcessMemory 또는 WriteProcessMemory의 일부 작업만을 마쳤습니다. (0x12B)
[1121/133402.814:ERROR:process_memory_win.cc(73)] ReadMemory at 0x22c1098cc60 of 132 bytes failed: ReadProcessMemory 또는 WriteProcessMemory의 일부 작업만을 마쳤습니다. (0x12B)
[1121/133402.814:ERROR:process_memory_win.cc(73)] ReadMemory at 0x22c1098cec0 of 132 bytes failed: ReadProcessMemory 또는 WriteProcessMemory의 일부 작업만을 마쳤습니다. (0x12B)
[1121/133402.814:ERROR:process_memory_win.cc(73)] ReadMemory at 0x22c1098cff0 of 132 bytes failed: ReadProcessMemory 또는 WriteProcessMemory의 일부 작업만을 마쳤습니다. (0x12B)
[1121/133402.814:ERROR:process_memory_win.cc(73)] ReadMemory at 0x22c1098d120 of 132 bytes failed: ReadProcessMemory 또는 WriteProcessMemory의 일부 작업만을 마쳤습니다. (0x12B)
[1121/133402.814:ERROR:process_memory_win.cc(73)] ReadMemory at 0x22c1098d250 of 132 bytes failed: ReadProcessMemory 또는 WriteProcessMemory의 일부 작업만을 마쳤습니다. (0x12B)
[1121/133402.814:ERROR:process_memory_win.cc(73)] ReadMemory at 0x22c1098d380 of 132 bytes failed: ReadProcessMemory 또는 WriteProcessMemory의 일부 작업만을 마쳤습니다. (0x12B)
[1121/133402.814:ERROR:process_memory_win.cc(73)] ReadMemory at 0x22c1098d4b0 of 132 bytes failed: ReadProcessMemory 또는 WriteProcessMemory의 일부 작업만을 마쳤습니다. (0x12B)
[1121/133402.814:ERROR:process_memory_win.cc(73)] ReadMemory at 0x22c1098d710 of 132 bytes failed: ReadProcessMemory 또는 WriteProcessMemory의 일부 작업만을 마쳤습니다. (0x12B)
[1121/133402.814:ERROR:process_memory_win.cc(73)] ReadMemory at 0x22c1098ee10 of 132 bytes failed: ReadProcessMemory 또는 WriteProcessMemory의 일부 작업만을 마쳤습니다. (0x12B)
[1121/133402.814:ERROR:process_memory_win.cc(73)] ReadMemory at 0x22c109a3f00 of 512 bytes failed: ReadProcessMemory 또는 WriteProcessMemory의 일부 작업만을 마쳤습니다. (0x12B)
[1121/133402.814:ERROR:process_memory_win.cc(73)] ReadMemory at 0x22c10e70c40 of 512 bytes failed: ReadProcessMemory 또는 WriteProcessMemory의 일부 작업만을 마쳤습니다. (0x12B)
[1121/133402.815:ERROR:process_memory_win.cc(73)] ReadMemory at 0x22c10e70e80 of 704 bytes failed: ReadProcessMemory 또는 WriteProcessMemory의 일부 작업만을 마쳤습니다. (0x12B)
[1121/133402.815:ERROR:process_memory_win.cc(73)] ReadMemory at 0x22c10ef86f0 of 512 bytes failed: ReadProcessMemory 또는 WriteProcessMemory의 일부 작업만을 마쳤습니다. (0x12B)
[1121/133402.815:ERROR:process_memory_win.cc(73)] ReadMemory at 0x22c10ef8c90 of 512 bytes failed: ReadProcessMemory 또는 WriteProcessMemory의 일부 작업만을 마쳤습니다. (0x12B)
[1121/133402.815:ERROR:process_memory_win.cc(73)] ReadMemory at 0x22c10efe440 of 512 bytes failed: ReadProcessMemory 또는 WriteProcessMemory의 일부 작업만을 마쳤습니다. (0x12B)
[1121/133402.815:ERROR:process_memory_win.cc(73)] ReadMemory at 0x22c10f07348 of 512 bytes failed: ReadProcessMemory 또는 WriteProcessMemory의 일부 작업만을 마쳤습니다. (0x12B)
[1121/133402.815:ERROR:process_memory_win.cc(73)] ReadMemory at 0x22c10f0b5f0 of 712 bytes failed: ReadProcessMemory 또는 WriteProcessMemory의 일부 작업만을 마쳤습니다. (0x12B)
[1121/133402.815:ERROR:process_memory_win.cc(73)] ReadMemory at 0x22c10f0e640 of 512 bytes failed: ReadProcessMemory 또는 WriteProcessMemory의 일부 작업만을 마쳤습니다. (0x12B)
[1121/133402.815:ERROR:process_memory_win.cc(73)] ReadMemory at 0x22c10f695a8 of 944 bytes failed: ReadProcessMemory 또는 WriteProcessMemory의 일부 작업만을 마쳤습니다. (0x12B)
[1121/133402.815:ERROR:process_memory_win.cc(73)] ReadMemory at 0x22c10f6a328 of 512 bytes failed: ReadProcessMemory 또는 WriteProcessMemory의 일부 작업만을 마쳤습니다. (0x12B)
[1121/133402.815:ERROR:process_memory_win.cc(73)] ReadMemory at 0x22c12d50000 of 384 bytes failed: ReadProcessMemory 또는 WriteProcessMemory의 일부 작업만을 마쳤습니다. (0x12B)
[1121/133402.816:ERROR:process_memory_win.cc(73)] ReadMemory at 0x22c12d88540 of 512 bytes failed: ReadProcessMemory 또는 WriteProcessMemory의 일부 작업만을 마쳤습니다. (0x12B)
[1121/133402.816:ERROR:process_memory_win.cc(73)] ReadMemory at 0x22c12d8b840 of 512 bytes failed: ReadProcessMemory 또는 WriteProcessMemory의 일부 작업만을 마쳤습니다. (0x12B)
[1121/133402.816:ERROR:process_memory_win.cc(73)] ReadMemory at 0x22c12e366c0 of 512 bytes failed: ReadProcessMemory 또는 WriteProcessMemory의 일부 작업만을 마쳤습니다. (0x12B)
[1121/133402.816:ERROR:process_memory_win.cc(73)] ReadMemory at 0x22c12e44260 of 512 bytes failed: ReadProcessMemory 또는 WriteProcessMemory의 일부 작업만을 마쳤습니다. (0x12B)
[1121/133402.816:ERROR:process_memory_win.cc(73)] ReadMemory at 0x22c12ebd7a0 of 512 bytes failed: ReadProcessMemory 또는 WriteProcessMemory의 일부 작업만을 마쳤습니다. (0x12B)
[1121/133402.816:ERROR:process_memory_win.cc(73)] ReadMemory at 0x22c132f7e28 of 512 bytes failed: ReadProcessMemory 또는 WriteProcessMemory의 일부 작업만을 마쳤습니다. (0x12B)
[1121/133402.817:ERROR:process_memory_win.cc(73)] ReadMemory at 0x22c1330dd80 of 512 bytes failed: ReadProcessMemory 또는 WriteProcessMemory의 일부 작업만을 마쳤습니다. (0x12B)
[1121/133402.817:ERROR:process_memory_win.cc(73)] ReadMemory at 0x7ffb9050c62c of 512 bytes failed: ReadProcessMemory 또는 WriteProcessMemory의 일부 작업만을 마쳤습니다. (0x12B)
[1121/133402.817:ERROR:process_memory_win.cc(73)] ReadMemory at 0x7ffb90c75294 of 553 bytes failed: ReadProcessMemory 또는 WriteProcessMemory의 일부 작업만을 마쳤습니다. (0x12B)
[1121/133402.817:ERROR:process_memory_win.cc(73)] ReadMemory at 0x7ffbdcc5ff00 of 512 bytes failed: ReadProcessMemory 또는 WriteProcessMemory의 일부 작업만을 마쳤습니다. (0x12B)
[1121/133402.817:ERROR:process_memory_win.cc(73)] ReadMemory at 0x7ffbdccaf764 of 672 bytes failed: ReadProcessMemory 또는 WriteProcessMemory의 일부 작업만을 마쳤습니다. (0x12B)
[1121/133402.817:ERROR:process_memory_win.cc(73)] ReadMemory at 0x7ffbdccafd64 of 512 bytes failed: ReadProcessMemory 또는 WriteProcessMemory의 일부 작업만을 마쳤습니다. (0x12B)
[1121/133402.817:ERROR:process_memory_win.cc(73)] ReadMemory at 0x7ffbdccb2ff4 of 608 bytes failed: ReadProcessMemory 또는 WriteProcessMemory의 일부 작업만을 마쳤습니다. (0x12B)
[1121/133402.817:ERROR:process_memory_win.cc(73)] ReadMemory at 0x7ffbdcd3c0c8 of 18 bytes failed: ReadProcessMemory 또는 WriteProcessMemory의 일부 작업만을 마쳤습니다. (0x12B)
[1121/133402.817:ERROR:process_memory_win.cc(73)] ReadMemory at 0x7ffbdcd6f4f8 of 40 bytes failed: ReadProcessMemory 또는 WriteProcessMemory의 일부 작업만을 마쳤습니다. (0x12B)
[1121/133402.818:ERROR:process_memory_win.cc(73)] ReadMemory at 0x7ffbdcd6f978 of 48 bytes failed: ReadProcessMemory 또는 WriteProcessMemory의 일부 작업만을 마쳤습니다. (0x12B)
[1121/133402.818:ERROR:process_memory_win.cc(73)] ReadMemory at 0x7ffbdcd753a0 of 64 bytes failed: ReadProcessMemory 또는 WriteProcessMemory의 일부 작업만을 마쳤습니다. (0x12B)
[1121/133402.822:ERROR:scoped_process_suspend.cc(40)] NtResumeProcess: 기존 프로세스에 액세스하려고 했습니다. (0xc000010a)
